<?xml version="1.0" encoding="UTF-8"?>
<!-- Generated by org.testng.reporters.JUnitXMLReporter -->
<testsuite hostname="LAPTOP-AF95BSA9" ignored="0" name="Test" tests="1" failures="1" timestamp="2023-06-28T20:38:29 IST" time="89.227" errors="0">
  <testcase name="loginTest" time="5.542" classname="testcases.TC002_LoginTest">
    <failure type="java.lang.AssertionError" message="expected [My Account] but found [Account Login]">
      <![CDATA[java.lang.AssertionError: expected [My Account] but found [Account Login]
at testcases.TC002_LoginTest.loginTest(TC002_LoginTest.java:31)
at java.util.ArrayList.forEach(ArrayList.java:1259)
... Removed 33 stack frames]]>
    </failure>
  </testcase> <!-- loginTest -->
</testsuite> <!-- Test -->
